<?xml version="1.0" encoding="UTF-8"?>
<testsuites>
  <testsuite name="CodeIgniter Application Test Suite" tests="3" assertions="2" failures="0" errors="0" time="0.143613">
    <testsuite name="Welcome_test" file="/Users/polkrai/Sites/codeigniter_composer/application/tests/controllers/Welcome_test.php" tests="3" assertions="2" failures="0" errors="0" time="0.143613">
      <testcase name="test_index" class="Welcome_test" file="/Users/polkrai/Sites/codeigniter_composer/application/tests/controllers/Welcome_test.php" line="13" assertions="0" time="0.061430"/>
      <testcase name="test_method_404" class="Welcome_test" file="/Users/polkrai/Sites/codeigniter_composer/application/tests/controllers/Welcome_test.php" line="20" assertions="1" time="0.060975"/>
      <testcase name="test_APPPATH" class="Welcome_test" file="/Users/polkrai/Sites/codeigniter_composer/application/tests/controllers/Welcome_test.php" line="26" assertions="1" time="0.021208"/>
    </testsuite>
  </testsuite>
</testsuites>
